<?xml version="1.0" encoding="UTF-8"?>
<testng-results skipped="0" failed="0" ignored="0" total="1" passed="1">
  <reporter-output>
  </reporter-output>
  <suite name="Default suite" duration-ms="43192" started-at="2017-12-11T13:53:29Z" finished-at="2017-12-11T13:54:12Z">
    <groups>
    </groups>
    <test name="Default test" duration-ms="43192" started-at="2017-12-11T13:53:29Z" finished-at="2017-12-11T13:54:12Z">
      <class name="FbPost_Selenium">
        <test-method status="PASS" signature="setup()[pri:0, instance:FbPost_Selenium@5c7fa833]" name="setup" is-config="true" duration-ms="15660" started-at="2017-12-11T16:53:29Z" finished-at="2017-12-11T16:53:45Z">
          <reporter-output>
          </reporter-output>
        </test-method> <!-- setup -->
        <test-method status="PASS" signature="loginTest()[pri:0, instance:FbPost_Selenium@5c7fa833]" name="loginTest" duration-ms="26170" started-at="2017-12-11T16:53:45Z" finished-at="2017-12-11T16:54:11Z">
          <reporter-output>
          </reporter-output>
        </test-method> <!-- loginTest -->
        <test-method status="PASS" signature="tearDown()[pri:0, instance:FbPost_Selenium@5c7fa833]" name="tearDown" is-config="true" duration-ms="1258" started-at="2017-12-11T16:54:11Z" finished-at="2017-12-11T16:54:12Z">
          <reporter-output>
          </reporter-output>
        </test-method> <!-- tearDown -->
      </class> <!-- FbPost_Selenium -->
    </test> <!-- Default test -->
  </suite> <!-- Default suite -->
</testng-results>
